生成启动时间为 2017/4/20 10:21:58。
     1>项目“D:\project\init_setting\Dialog\Dialog.vcxproj”在节点 2 上(Build 个目标)。
     1>CustomBuild:
         Uic'ing Import_Heat_Solver.ui...
         Uic'ing Atmosphere.ui...
     1>C:\Program Files (x86)\MSBuild\Microsoft.Cpp\v4.0\V120\Microsoft.CppBuild.targets(935,5): warning MSB8027: Two or more files with the name of moc_dialog.cpp will produce outputs to the same location. This can lead to an incorrect build result.  The files involved are GeneratedFiles\Debug\moc_dialog.cpp, GeneratedFiles\Release\moc_dialog.cpp.
       ClCompile:
         C:\Program Files (x86)\Microsoft Visual Studio 12.0\VC\bin\x86_amd64\CL.exe /c /I.\GeneratedFiles /I. /IC:\Qt\Qt5.8.0\5.8\msvc2013_64\include /I.\GeneratedFiles\Release /IC:\Qt\Qt5.8.0\5.8\msvc2013_64\include\QtCore /IC:\Qt\Qt5.8.0\5.8\msvc2013_64\include\QtGui /IC:\Qt\Qt5.8.0\5.8\msvc2013_64\include\QtWidgets /IC:\Qt\Qt5.8.0\5.8\msvc2013_64\include\QtXml /nologo /W1 /WX- /O2 /D NDEBUG /D QT_CORE_LIB /D QT_DLL /D QT_GUI_LIB /D QT_NO_DEBUG /D QT_WIDGETS_LIB /D QT_XML_LIB /D UNICODE /D WIN32 /D WIN64 /Gm- /EHsc /MD /GS /fp:precise /Zc:wchar_t /Zc:forScope /Fo"x64\Release\\" /Fd"x64\Release\vc120.pdb" /Gd /TP /errorReport:prompt dialog.cpp GeneratedFiles\Release\moc_dialog.cpp main.cpp
         dialog.cpp
         moc_dialog.cpp
         main.cpp
         正在生成代码...
         C:\Program Files (x86)\Microsoft Visual Studio 12.0\VC\bin\x86_amd64\CL.exe /c /I.\GeneratedFiles /I. /IC:\Qt\Qt5.8.0\5.8\msvc2013_64\include /I.\GeneratedFiles\Release /IC:\Qt\Qt5.8.0\5.8\msvc2013_64\include\QtCore /IC:\Qt\Qt5.8.0\5.8\msvc2013_64\include\QtGui /IC:\Qt\Qt5.8.0\5.8\msvc2013_64\include\QtWidgets /IC:\Qt\Qt5.8.0\5.8\msvc2013_64\include\QtXml /nologo /W1 /WX- /O2 /D NDEBUG /D QT_CORE_LIB /D QT_DLL /D QT_GUI_LIB /D QT_NO_DEBUG /D QT_WIDGETS_LIB /D QT_XML_LIB /D UNICODE /D WIN32 /D WIN64 /Gm- /EHsc /MD /GS /fp:precise /Zc:wchar_t /Zc:forScope /Fo"x64\Release\\" /Fd"x64\Release\vc120.pdb" /Gd /TP /errorReport:prompt GeneratedFiles\qrc_dialog.cpp
         qrc_dialog.cpp
       ResourceCompile:
         C:\Program Files (x86)\Windows Kits\8.1\bin\x86\rc.exe /l"0x0409" /nologo /fo"x64\Release\Dialog.res" Dialog.rc 
       Link:
         C:\Program Files (x86)\Microsoft Visual Studio 12.0\VC\bin\x86_amd64\link.exe /ERRORREPORT:PROMPT /OUT:"D:\project\init_setting\init_setting\x64\Release\\Dialog.exe" /NOLOGO /LIBPATH:C:\Qt\Qt5.8.0\5.8\msvc2013_64\lib qtmain.lib Qt5Core.lib Qt5Gui.lib Qt5Widgets.lib Qt5Xml.lib kernel32.lib user32.lib gdi32.lib winspool.lib comdlg32.lib advapi32.lib shell32.lib ole32.lib oleaut32.lib uuid.lib odbc32.lib odbccp32.lib /MANIFEST /MANIFESTUAC:"level='asInvoker' uiAccess='false'" /manifest:embed /PDB:"D:\project\init_setting\init_setting\x64\Release\Dialog.pdb" /SUBSYSTEM:WINDOWS /TLBID:1 /DYNAMICBASE /NXCOMPAT /IMPLIB:"D:\project\init_setting\init_setting\x64\Release\Dialog.lib" /MACHINE:X64  /SUBSYSTEM:WINDOWS x64\Release\Dialog.res
         x64\Release\dialog.obj
         x64\Release\qrc_dialog.obj
         x64\Release\moc_dialog.obj
         x64\Release\main.obj
         Dialog.vcxproj -> D:\project\init_setting\init_setting\x64\Release\Dialog.exe
     1>已完成生成项目“D:\project\init_setting\Dialog\Dialog.vcxproj”(Build 个目标)的操作。

生成成功。

已用时间 00:00:02.91
