d:\project\init_setting\dialog\x64\release\qrc_dialog.obj
d:\project\init_setting\dialog\x64\release\main.obj
d:\project\init_setting\dialog\x64\release\moc_dialog.obj
d:\project\init_setting\dialog\generatedfiles\ui_dialog.h
d:\project\init_setting\dialog\generatedfiles\qrc_dialog.cpp
d:\project\init_setting\dialog\generatedfiles\ui_check.h
d:\project\init_setting\dialog\generatedfiles\ui_set.h
d:\project\init_setting\dialog\generatedfiles\release\moc_dialog.cpp
d:\project\init_setting\dialog\generatedfiles\ui_import_heat_solver.h
d:\project\init_setting\dialog\generatedfiles\ui_assign_material.h
d:\project\init_setting\dialog\generatedfiles\ui_atmosphere.h
d:\project\init_setting\dialog\generatedfiles\ui_edit_material.h
d:\project\init_setting\init_setting\x64\release\dialog.exe
d:\project\init_setting\dialog\x64\release\dialog.res
d:\project\init_setting\dialog\x64\release\dialog.tlog\cl.command.1.tlog
d:\project\init_setting\dialog\x64\release\dialog.tlog\cl.read.1.tlog
d:\project\init_setting\dialog\x64\release\dialog.tlog\cl.write.1.tlog
d:\project\init_setting\dialog\x64\release\dialog.tlog\custombuild.command.1.tlog
d:\project\init_setting\dialog\x64\release\dialog.tlog\custombuild.read.1.tlog
d:\project\init_setting\dialog\x64\release\dialog.tlog\custombuild.write.1.tlog
d:\project\init_setting\dialog\x64\release\dialog.tlog\link.command.1.tlog
d:\project\init_setting\dialog\x64\release\dialog.tlog\link.read.1.tlog
d:\project\init_setting\dialog\x64\release\dialog.tlog\link.write.1.tlog
d:\project\init_setting\dialog\x64\release\dialog.tlog\rc.command.1.tlog
d:\project\init_setting\dialog\x64\release\dialog.tlog\rc.read.1.tlog
d:\project\init_setting\dialog\x64\release\dialog.tlog\rc.write.1.tlog
