e:\materialui\x64\debug\vc120.pdb
e:\materialui\x64\debug\snchart.obj
e:\materialui\x64\debug\main.obj
e:\materialui\x64\debug\moc_snchart.obj
e:\materialui\x64\debug\moc_materialviewer.obj
e:\materialui\x64\debug\moc_mainwindow.obj
e:\materialui\x64\debug\generalsetting.obj
e:\materialui\x64\debug\moc_generalsetting.obj
e:\materialui\x64\debug\moc_solversetting.obj
e:\materialui\x64\debug\solversetting.obj
e:\materialui\x64\debug\poframe.obj
e:\materialui\x64\debug\momframe.obj
e:\materialui\x64\debug\goframe.obj
e:\materialui\x64\debug\fdtdframe.obj
e:\materialui\x64\debug\moc_poframe.obj
e:\materialui\x64\debug\moc_momframe.obj
e:\materialui\x64\debug\moc_goframe.obj
e:\materialui\x64\debug\moc_fdtdframe.obj
e:\materialui\x64\debug\mlfmmframe.obj
e:\materialui\x64\debug\moc_mlfmmframe.obj
e:\materialui\x64\debug\materialviewer.obj
e:\materialui\debug\moc_mainwindow.cpp
e:\materialui\generatedfiles\ui_materialviewer.h
e:\materialui\debug\moc_snchart.cpp
e:\materialui\debug\moc_solversetting.cpp
e:\materialui\debug\moc_materialviewer.cpp
e:\materialui\debug\moc_momframe.cpp
e:\materialui\debug\moc_fdtdframe.cpp
e:\materialui\debug\moc_goframe.cpp
e:\materialui\debug\moc_mlfmmframe.cpp
e:\materialui\debug\moc_poframe.cpp
e:\materialui\debug\moc_predefs.h
e:\materialui\debug\materialui.ilk
e:\materialui\debug\materialui.exe
e:\materialui\debug\materialui.pdb
d:\project\init_setting\materialui\materialui\x64\debug\fdtdframe.obj
d:\project\init_setting\materialui\materialui\x64\debug\generalsetting.obj
d:\project\init_setting\materialui\materialui\x64\debug\goframe.obj
d:\project\init_setting\materialui\materialui\x64\debug\main.obj
d:\project\init_setting\materialui\materialui\x64\debug\materialviewer.obj
d:\project\init_setting\materialui\materialui\x64\debug\mlfmmframe.obj
d:\project\init_setting\materialui\materialui\x64\debug\moc_fdtdframe.obj
d:\project\init_setting\materialui\materialui\x64\debug\moc_generalsetting.obj
d:\project\init_setting\materialui\materialui\x64\debug\moc_goframe.obj
d:\project\init_setting\materialui\materialui\x64\debug\moc_mainwindow.obj
d:\project\init_setting\materialui\materialui\x64\debug\moc_materialviewer.obj
d:\project\init_setting\materialui\materialui\x64\debug\moc_mlfmmframe.obj
d:\project\init_setting\materialui\materialui\x64\debug\moc_momframe.obj
d:\project\init_setting\materialui\materialui\x64\debug\moc_poframe.obj
d:\project\init_setting\materialui\materialui\x64\debug\moc_snchart.obj
d:\project\init_setting\materialui\materialui\x64\debug\moc_solversetting.obj
d:\project\init_setting\materialui\materialui\x64\debug\momframe.obj
d:\project\init_setting\materialui\materialui\x64\debug\poframe.obj
d:\project\init_setting\materialui\materialui\x64\debug\snchart.obj
d:\project\init_setting\materialui\materialui\x64\debug\solversetting.obj
d:\project\init_setting\materialui\materialui\x64\debug\vc120.pdb
d:\project\init_setting\materialui\materialui\debug\materialui.exe
d:\project\init_setting\materialui\materialui\x64\debug\materialui.tlog\cl.command.1.tlog
d:\project\init_setting\materialui\materialui\x64\debug\materialui.tlog\cl.read.1.tlog
d:\project\init_setting\materialui\materialui\x64\debug\materialui.tlog\cl.write.1.tlog
d:\project\init_setting\materialui\materialui\x64\debug\materialui.tlog\custombuild.command.1.tlog
d:\project\init_setting\materialui\materialui\x64\debug\materialui.tlog\custombuild.read.1.tlog
d:\project\init_setting\materialui\materialui\x64\debug\materialui.tlog\custombuild.write.1.tlog
d:\project\init_setting\materialui\materialui\x64\debug\materialui.tlog\link.command.1.tlog
d:\project\init_setting\materialui\materialui\x64\debug\materialui.tlog\link.read.1.tlog
d:\project\init_setting\materialui\materialui\x64\debug\materialui.tlog\link.write.1.tlog
