生成启动时间为 2017/4/7 11:29:37。
     1>项目“D:\project\init_setting\materialUi\materialUi\materialUi.vcxproj”在节点 2 上(Build 个目标)。
     1>CustomBuild:
         Generate moc_predefs.h
     1>C:\Program Files (x86)\MSBuild\Microsoft.Cpp\v4.0\V120\Microsoft.CppBuild.targets(935,5): warning MSB8027: Two or more files with the name of moc_fdtdframe.cpp will produce outputs to the same location. This can lead to an incorrect build result.  The files involved are Debug\moc_fdtdframe.cpp, Release\moc_fdtdframe.cpp.
     1>C:\Program Files (x86)\MSBuild\Microsoft.Cpp\v4.0\V120\Microsoft.CppBuild.targets(935,5): warning MSB8027: Two or more files with the name of moc_goframe.cpp will produce outputs to the same location. This can lead to an incorrect build result.  The files involved are Debug\moc_goframe.cpp, Release\moc_goframe.cpp.
     1>C:\Program Files (x86)\MSBuild\Microsoft.Cpp\v4.0\V120\Microsoft.CppBuild.targets(935,5): warning MSB8027: Two or more files with the name of moc_materialviewer.cpp will produce outputs to the same location. This can lead to an incorrect build result.  The files involved are Debug\moc_materialviewer.cpp, Release\moc_materialviewer.cpp.
     1>C:\Program Files (x86)\MSBuild\Microsoft.Cpp\v4.0\V120\Microsoft.CppBuild.targets(935,5): warning MSB8027: Two or more files with the name of moc_mlfmmframe.cpp will produce outputs to the same location. This can lead to an incorrect build result.  The files involved are Debug\moc_mlfmmframe.cpp, Release\moc_mlfmmframe.cpp.
     1>C:\Program Files (x86)\MSBuild\Microsoft.Cpp\v4.0\V120\Microsoft.CppBuild.targets(935,5): warning MSB8027: Two or more files with the name of moc_momframe.cpp will produce outputs to the same location. This can lead to an incorrect build result.  The files involved are Debug\moc_momframe.cpp, Release\moc_momframe.cpp.
     1>C:\Program Files (x86)\MSBuild\Microsoft.Cpp\v4.0\V120\Microsoft.CppBuild.targets(935,5): warning MSB8027: Two or more files with the name of moc_poframe.cpp will produce outputs to the same location. This can lead to an incorrect build result.  The files involved are Debug\moc_poframe.cpp, Release\moc_poframe.cpp.
     1>C:\Program Files (x86)\MSBuild\Microsoft.Cpp\v4.0\V120\Microsoft.CppBuild.targets(935,5): warning MSB8027: Two or more files with the name of moc_snchart.cpp will produce outputs to the same location. This can lead to an incorrect build result.  The files involved are Debug\moc_snchart.cpp, Release\moc_snchart.cpp.
     1>C:\Program Files (x86)\MSBuild\Microsoft.Cpp\v4.0\V120\Microsoft.CppBuild.targets(935,5): warning MSB8027: Two or more files with the name of moc_solversetting.cpp will produce outputs to the same location. This can lead to an incorrect build result.  The files involved are Debug\moc_solversetting.cpp, Release\moc_solversetting.cpp.
       ClCompile:
         C:\Program Files (x86)\Microsoft Visual Studio 12.0\VC\bin\x86_amd64\CL.exe /c /I. /IC:\Qt\Qt5.8.0\5.8\msvc2013_64\include /IC:\Qt\Qt5.8.0\5.8\msvc2013_64\include\QtCharts /IC:\Qt\Qt5.8.0\5.8\msvc2013_64\include\QtWidgets /IC:\Qt\Qt5.8.0\5.8\msvc2013_64\include\QtGui /IC:\Qt\Qt5.8.0\5.8\msvc2013_64\include\QtANGLE /IC:\Qt\Qt5.8.0\5.8\msvc2013_64\include\QtXml /IC:\Qt\Qt5.8.0\5.8\msvc2013_64\include\QtCore /Idebug /I. /I"C:\Qt\Qt5.8.0\5.8\msvc2013_64\mkspecs\win32-msvc2013" /I.\GeneratedFiles /Zi /nologo /W3 /WX- /Od /D _WINDOWS /D UNICODE /D WIN32 /D WIN64 /D QT_DEPRECATED_WARNINGS /D QT_CHARTS_LIB /D QT_WIDGETS_LIB /D QT_GUI_LIB /D QT_XML_LIB /D QT_CORE_LIB /Gm- /EHsc /MDd /GS /fp:precise /Zc:wchar_t /Zc:forScope /GR /Fo"x64\Debug\\" /Fd"x64\Debug\vc120.pdb" /Gd /TP /errorReport:prompt -w34100 -w34189 -w44996 momframe.cpp
         momframe.cpp
       Link:
         C:\Program Files (x86)\Microsoft Visual Studio 12.0\VC\bin\x86_amd64\link.exe /ERRORREPORT:PROMPT /OUT:"debug\\materialUi.exe" /NOLOGO /LIBPATH:C:\Qt\Qt5.8.0\5.8\msvc2013_64\lib /LIBPATH:C:\utils\my_sql\my_sql\lib /LIBPATH:C:\utils\postgresql\pgsql\lib /LIBPATH:C:\Qt\Qt5.8.0\5.8\msvc2013_64\lib C:\Qt\Qt5.8.0\5.8\msvc2013_64\lib\qtmaind.lib shell32.lib C:\Qt\Qt5.8.0\5.8\msvc2013_64\lib\Qt5Chartsd.lib C:\Qt\Qt5.8.0\5.8\msvc2013_64\lib\Qt5Widgetsd.lib C:\Qt\Qt5.8.0\5.8\msvc2013_64\lib\Qt5Guid.lib C:\Qt\Qt5.8.0\5.8\msvc2013_64\lib\Qt5Xmld.lib C:\Qt\Qt5.8.0\5.8\msvc2013_64\lib\Qt5Cored.lib kernel32.lib user32.lib gdi32.lib winspool.lib comdlg32.lib advapi32.lib shell32.lib ole32.lib oleaut32.lib uuid.lib odbc32.lib odbccp32.lib /MANIFEST /MANIFESTUAC:"level='asInvoker' uiAccess='false'" /manifest:embed /DEBUG /PDB:"debug\materialUi.pdb" /SUBSYSTEM:WINDOWS /TLBID:1 /DYNAMICBASE /NXCOMPAT /MACHINE:X64 "/MANIFESTDEPENDENCY:type='win32' name='Microsoft.Windows.Common-Controls' version='6.0.0.0' publicKeyToken='6595b64144ccf1df' language='*' processorArchitecture='*'" x64\Debug\moc_fdtdframe.obj
         x64\Debug\moc_goframe.obj
         x64\Debug\moc_materialviewer.obj
         x64\Debug\moc_mlfmmframe.obj
         x64\Debug\moc_momframe.obj
         x64\Debug\moc_poframe.obj
         x64\Debug\moc_snchart.obj
         x64\Debug\moc_solversetting.obj
         x64\Debug\fdtdframe.obj
         x64\Debug\goframe.obj
         x64\Debug\main.obj
         x64\Debug\materialviewer.obj
         x64\Debug\mlfmmframe.obj
         x64\Debug\momframe.obj
         x64\Debug\poframe.obj
         x64\Debug\snchart.obj
         x64\Debug\solversetting.obj
         LINK : 没有找到 debug\\materialUi.exe 或上一个增量链接没有生成它；正在执行完全链接
         materialUi.vcxproj -> D:\project\init_setting\materialUi\materialUi\debug\materialUi.exe
     1>已完成生成项目“D:\project\init_setting\materialUi\materialUi\materialUi.vcxproj”(Build 个目标)的操作。

生成成功。

已用时间 00:00:01.03
