d:\project\init_setting\dialog\x64\debug\vc120.pdb
d:\project\init_setting\dialog\x64\debug\qrc_dialog.obj
d:\project\init_setting\dialog\x64\debug\main.obj
d:\project\init_setting\dialog\x64\debug\moc_dialog.obj
d:\project\init_setting\dialog\generatedfiles\ui_dialog.h
d:\project\init_setting\dialog\generatedfiles\qrc_dialog.cpp
d:\project\init_setting\dialog\generatedfiles\ui_assign_material.h
d:\project\init_setting\dialog\generatedfiles\ui_check.h
d:\project\init_setting\dialog\generatedfiles\debug\moc_dialog.cpp
d:\project\init_setting\dialog\generatedfiles\ui_atmosphere.h
d:\project\init_setting\dialog\generatedfiles\ui_set.h
d:\project\init_setting\dialog\generatedfiles\ui_import_heat_solver.h
d:\project\init_setting\init_setting\x64\debug\dialog.ilk
d:\project\init_setting\init_setting\x64\debug\dialog.exe
d:\project\init_setting\init_setting\x64\debug\dialog.pdb
d:\project\init_setting\dialog\x64\debug\dialog.res
d:\project\init_setting\dialog\x64\debug\dialog.tlog\cl.command.1.tlog
d:\project\init_setting\dialog\x64\debug\dialog.tlog\cl.read.1.tlog
d:\project\init_setting\dialog\x64\debug\dialog.tlog\cl.write.1.tlog
d:\project\init_setting\dialog\x64\debug\dialog.tlog\custombuild.command.1.tlog
d:\project\init_setting\dialog\x64\debug\dialog.tlog\custombuild.read.1.tlog
d:\project\init_setting\dialog\x64\debug\dialog.tlog\custombuild.write.1.tlog
d:\project\init_setting\dialog\x64\debug\dialog.tlog\link.command.1.tlog
d:\project\init_setting\dialog\x64\debug\dialog.tlog\link.read.1.tlog
d:\project\init_setting\dialog\x64\debug\dialog.tlog\link.write.1.tlog
d:\project\init_setting\dialog\x64\debug\dialog.tlog\rc.command.1.tlog
d:\project\init_setting\dialog\x64\debug\dialog.tlog\rc.read.1.tlog
d:\project\init_setting\dialog\x64\debug\dialog.tlog\rc.write.1.tlog
