d:\project\rcs_display\rcs_display\rcs_display\x64\release\snchart.obj
d:\project\rcs_display\rcs_display\rcs_display\x64\release\rcs_display.obj
d:\project\rcs_display\rcs_display\rcs_display\x64\release\materialviewer.obj
d:\project\rcs_display\rcs_display\rcs_display\x64\release\materialmodel.obj
d:\project\rcs_display\rcs_display\rcs_display\x64\release\mainwidget.obj
d:\project\rcs_display\rcs_display\rcs_display\x64\release\main.obj
d:\project\rcs_display\rcs_display\rcs_display\x64\release\moc_rcs_display.obj
d:\project\rcs_display\rcs_display\rcs_display\x64\release\moc_materialviewer.obj
d:\project\rcs_display\rcs_display\rcs_display\x64\release\moc_materialmodel.obj
d:\project\rcs_display\rcs_display\rcs_display\x64\release\moc_filematerialmodel.obj
d:\project\rcs_display\rcs_display\rcs_display\x64\release\filematerialmodel.obj
d:\project\rcs_display\rcs_display\rcs_display\x64\release\qrc_rcs_display.obj
d:\project\rcs_display\rcs_display\rcs_display\generatedfiles\ui_rcs_display.h
d:\project\rcs_display\rcs_display\rcs_display\generatedfiles\qrc_rcs_display.cpp
d:\project\rcs_display\rcs_display\rcs_display\generatedfiles\release\moc_rcs_display.cpp
d:\project\rcs_display\rcs_display\rcs_display\generatedfiles\release\moc_filematerialmodel.cpp
d:\project\rcs_display\rcs_display\rcs_display\generatedfiles\release\moc_materialviewer.cpp
d:\project\rcs_display\rcs_display\rcs_display\generatedfiles\release\moc_materialmodel.cpp
d:\project\rcs_display\rcs_display\x64\release\rcs_display.exe
d:\project\rcs_display\rcs_display\rcs_display\x64\release\rcs_display.tlog\cl.command.1.tlog
d:\project\rcs_display\rcs_display\rcs_display\x64\release\rcs_display.tlog\cl.read.1.tlog
d:\project\rcs_display\rcs_display\rcs_display\x64\release\rcs_display.tlog\cl.write.1.tlog
d:\project\rcs_display\rcs_display\rcs_display\x64\release\rcs_display.tlog\custombuild.command.1.tlog
d:\project\rcs_display\rcs_display\rcs_display\x64\release\rcs_display.tlog\custombuild.read.1.tlog
d:\project\rcs_display\rcs_display\rcs_display\x64\release\rcs_display.tlog\custombuild.write.1.tlog
d:\project\rcs_display\rcs_display\rcs_display\x64\release\rcs_display.tlog\link.command.1.tlog
d:\project\rcs_display\rcs_display\rcs_display\x64\release\rcs_display.tlog\link.read.1.tlog
d:\project\rcs_display\rcs_display\rcs_display\x64\release\rcs_display.tlog\link.write.1.tlog
